   1                             	r8	=	0xffef0
   2                             	r16	=	0xffee8
   3                             	r24	=	0xffee0
   4                             	r9	=	0xffef1
   5                             	r17	=	0xffee9
   6                             	r25	=	0xffee1
   7                             	r10	=	0xffef2
   8                             	r18	=	0xffeea
   9                             	r26	=	0xffee2
  10                             	r11	=	0xffef3
  11                             	r19	=	0xffeeb
  12                             	r27	=	0xffee3
  13                             	r12	=	0xffef4
  14                             	r20	=	0xffeec
  15                             	r28	=	0xffee4
  16                             	r13	=	0xffef5
  17                             	r21	=	0xffeed
  18                             	r29	=	0xffee5
  19                             	r14	=	0xffef6
  20                             	r22	=	0xffeee
  21                             	r30	=	0xffee6
  22                             	r15	=	0xffef7
  23                             	r23	=	0xffeef
  24                             	r31	=	0xffee7
  25                             	.text
  26                             	.Ltext0:
  27                             		.global	_Option_Bytes
  28                             		.section	.option_bytes,"a",@progbits
  31                             	_Option_Bytes:
  32 0000 EF                      		.byte	-17
  33 0001 FF                      		.byte	-1
  34 0002 E8                      		.byte	-24
  35 0003 85                      		.byte	-123
  36                             		.global	_Security_Id
  37                             		.section	.security_id,"a",@progbits
  40                             	_Security_Id:
  41 0000 00 00 00 00 00 00 00 00 		.zero	10
  41      00 00 
  42                             		.global	_HardwareVectors
  43                             		.section	.vec,"aw",@progbits
  44                             		.balign 2
  47                             	_HardwareVectors:
  48 0000 00 00                   		.short	%code(_PowerON_Reset)
  49 0002 FF FF                   		.short	-1
  50                             		.global	_Vectors
  51                             		.section	.vects,"aw",@progbits
  52                             		.balign 2
  55                             	_Vectors:
  56 0000 00 00                   		.short	%code(_INT_WDTI)
  57 0002 00 00                   		.short	%code(_INT_LVI)
  58 0004 00 00                   		.short	%code(_INT_P0)
  59 0006 00 00                   		.short	%code(_INT_P1)
  60 0008 00 00                   		.short	%code(_INT_P2)
  61 000a 00 00                   		.short	%code(_INT_P3)
  62 000c 00 00                   		.short	%code(_INT_P4)
  63 000e 00 00                   		.short	%code(_INT_P5)
  64 0010 00 00                   		.short	%code(_INT_ST2)
  65 0012 00 00                   		.short	%code(_INT_SR2)
  66 0014 00 00                   		.short	%code(_INT_SRE2)
  67 0016 00 00                   		.short	%code(_INT_DMA0)
  68 0018 00 00                   		.short	%code(_INT_DMA1)
  69 001a 00 00                   		.short	%code(_INT_ST0)
  70 001c 00 00                   		.short	%code(_INT_SR0)
  71 001e 00 00                   		.short	%code(_INT_TM01H)
  72 0020 00 00                   		.short	%code(_INT_ST1)
  73 0022 00 00                   		.short	%code(_INT_SR1)
  74 0024 00 00                   		.short	%code(_INT_TM03H)
  75 0026 00 00                   		.short	%code(_INT_IICA0)
  76 0028 00 00                   		.short	%code(_INT_TM00)
  77 002a 00 00                   		.short	%code(_INT_TM01)
  78 002c 00 00                   		.short	%code(_INT_TM02)
  79 002e 00 00                   		.short	%code(_INT_TM03)
  80 0030 00 00                   		.short	%code(_INT_AD)
  81 0032 00 00                   		.short	%code(_INT_RTC)
  82 0034 00 00                   		.short	%code(_INT_IT)
  83 0036 00 00                   		.short	%code(_INT_KR)
  84 0038 FF FF                   		.short	-1
  85 003a FF FF                   		.short	-1
  86 003c FF FF                   		.short	-1
  87 003e 00 00                   		.short	%code(_INT_TM04)
  88 0040 00 00                   		.short	%code(_INT_TM05)
  89 0042 00 00                   		.short	%code(_INT_TM06)
  90 0044 00 00                   		.short	%code(_INT_TM07)
  91 0046 00 00                   		.short	%code(_INT_P6)
  92 0048 00 00                   		.short	%code(_INT_P7)
  93 004a 00 00                   		.short	%code(_INT_P8)
  94 004c 00 00                   		.short	%code(_INT_P9)
  95 004e 00 00                   		.short	%code(_INT_P10)
  96 0050 00 00                   		.short	%code(_INT_P11)
  97 0052 FF FF                   		.short	-1
  98 0054 FF FF                   		.short	-1
  99 0056 FF FF                   		.short	-1
 100 0058 FF FF                   		.short	-1
 101 005a 00 00                   		.short	%code(_INT_MD)
 102 005c FF FF                   		.short	-1
 103 005e 00 00                   		.short	%code(_INT_FL)
 104 0060 FF FF                   		.short	-1
 105 0062 FF FF                   		.short	-1
 106 0064 FF FF                   		.short	-1
 107 0066 FF FF                   		.short	-1
 108 0068 FF FF                   		.short	-1
 109 006a FF FF                   		.short	-1
 110 006c FF FF                   		.short	-1
 111 006e FF FF                   		.short	-1
 112 0070 FF FF                   		.short	-1
 113 0072 FF FF                   		.short	-1
 114 0074 FF FF                   		.short	-1
 115 0076 FF FF                   		.short	-1
 116 0078 FF FF                   		.short	-1
 117 007a 00 00                   		.short	%code(_INT_BRK_I)
 118                             	.text
 119                             	.Letext0:
 120                             		.file 1 "../src/vector_table.c"
