20:31:03 **** Build of configuration HardwareDebug for project Prac3 ****
make -j4 all 
'Scanning and building file: ../src/Prac3.c'
'Scanning and building file: ../src/calculator.asm'
'Invoking: Scanner and Compiler'
'Invoking: Scanner and Compiler'
'Scanning and building file: ../src/hardware_setup.c'
'Invoking: Scanner and Compiler'
'Scanning and building file: ../src/interrupt_handlers.c'
'Invoking: Scanner and Compiler'
rl78-elf-gcc -MM -MP -MF "src/calculator.d" -MT"src/calculator.o" -MT"src/calculator.d"  -nostdinc -I"C:\PROGRA~2\KPIT\GNURL7~1.01-\rl78-ELF/rl78-elf/optlibinc" -g2 -g -mmul=g13 -Wa,-gdwarf2 -x assembler-with-cpp -o"src/calculator.o" "../src/calculator.asm"
rl78-elf-gcc -MM -MP -MF "src/Prac3.d" -MT"src/Prac3.o" -MT"src/Prac3.d"  -nostdinc -I"C:\PROGRA~2\KPIT\GNURL7~1.01-\rl78-ELF/rl78-elf/optlibinc" -g2 -g -mmul=g13 -x c "../src/Prac3.c"
rl78-elf-gcc -MM -MP -MF "src/hardware_setup.d" -MT"src/hardware_setup.o" -MT"src/hardware_setup.d"  -nostdinc -I"C:\PROGRA~2\KPIT\GNURL7~1.01-\rl78-ELF/rl78-elf/optlibinc" -g2 -g -mmul=g13 -x c "../src/hardware_setup.c"
rl78-elf-gcc -MM -MP -MF "src/interrupt_handlers.d" -MT"src/interrupt_handlers.o" -MT"src/interrupt_handlers.d"  -nostdinc -I"C:\PROGRA~2\KPIT\GNURL7~1.01-\rl78-ELF/rl78-elf/optlibinc" -g2 -g -mmul=g13 -x c "../src/interrupt_handlers.c"
rl78-elf-gcc -Wa,-adlhn="calculator.lst" -nostdinc -I"C:\PROGRA~2\KPIT\GNURL7~1.01-\rl78-ELF/rl78-elf/optlibinc" -g2 -g -mmul=g13 -Wa,-gdwarf2 -c -x assembler-with-cpp  -o "src/calculator.o" "../src/calculator.asm"
'Finished scanning and building: ../src/calculator.asm'
rl78-elf-gcc -Wa,-adlhn="hardware_setup.lst" -nostdinc -I"C:\PROGRA~2\KPIT\GNURL7~1.01-\rl78-ELF/rl78-elf/optlibinc" -g2 -g -mmul=g13 -c -x c -o "src/hardware_setup.o" "../src/hardware_setup.c"
rl78-elf-gcc -Wa,-adlhn="Prac3.lst" -nostdinc -I"C:\PROGRA~2\KPIT\GNURL7~1.01-\rl78-ELF/rl78-elf/optlibinc" -g2 -g -mmul=g13 -c -x c -o "src/Prac3.o" "../src/Prac3.c"
'Finished scanning and building: ../src/Prac3.c'

'Finished scanning and building: ../src/hardware_setup.c'


'Scanning and building file: ../src/reset_program.asm'
'Scanning and building file: ../src/reverse.asm'
'Scanning and building file: ../src/vector_table.c'
'Invoking: Scanner and Compiler'
'Invoking: Scanner and Compiler'
'Invoking: Scanner and Compiler'
rl78-elf-gcc -Wa,-adlhn="interrupt_handlers.lst" -nostdinc -I"C:\PROGRA~2\KPIT\GNURL7~1.01-\rl78-ELF/rl78-elf/optlibinc" -g2 -g -mmul=g13 -c -x c -o "src/interrupt_handlers.o" "../src/interrupt_handlers.c"
'Finished scanning and building: ../src/interrupt_handlers.c'

'Invoking: Library Generator'
rl78-elf-libgen --select-lib=optlib --header-files=stdio,stdlib,string --compiler-options=-Os,-mmul=g13,-ffunction-sections,-fdata-sections,-fno-function-cse,-falign-jumps,-funit-at-a-time -o "libPrac3.a"
rl78-elf-gcc -MM -MP -MF "src/reset_program.d" -MT"src/reset_program.o" -MT"src/reset_program.d"  -nostdinc -I"C:\PROGRA~2\KPIT\GNURL7~1.01-\rl78-ELF/rl78-elf/optlibinc" -g2 -g -mmul=g13 -Wa,-gdwarf2 -x assembler-with-cpp -o"src/reset_program.o" "../src/reset_program.asm"
rl78-elf-gcc -MM -MP -MF "src/reverse.d" -MT"src/reverse.o" -MT"src/reverse.d"  -nostdinc -I"C:\PROGRA~2\KPIT\GNURL7~1.01-\rl78-ELF/rl78-elf/optlibinc" -g2 -g -mmul=g13 -Wa,-gdwarf2 -x assembler-with-cpp -o"src/reverse.o" "../src/reverse.asm"
rl78-elf-gcc -MM -MP -MF "src/vector_table.d" -MT"src/vector_table.o" -MT"src/vector_table.d"  -nostdinc -I"C:\PROGRA~2\KPIT\GNURL7~1.01-\rl78-ELF/rl78-elf/optlibinc" -g2 -g -mmul=g13 -x c "../src/vector_table.c"
rl78-elf-gcc -Wa,-adlhn="reverse.lst" -nostdinc -I"C:\PROGRA~2\KPIT\GNURL7~1.01-\rl78-ELF/rl78-elf/optlibinc" -g2 -g -mmul=g13 -Wa,-gdwarf2 -c -x assembler-with-cpp  -o "src/reverse.o" "../src/reverse.asm"
rl78-elf-gcc -Wa,-adlhn="reset_program.lst" -nostdinc -I"C:\PROGRA~2\KPIT\GNURL7~1.01-\rl78-ELF/rl78-elf/optlibinc" -g2 -g -mmul=g13 -Wa,-gdwarf2 -c -x assembler-with-cpp  -o "src/reset_program.o" "../src/reset_program.asm"
'Finished scanning and building: ../src/reset_program.asm'
'Finished scanning and building: ../src/reverse.asm'

rl78-elf-gcc -Wa,-adlhn="vector_table.lst" -nostdinc -I"C:\PROGRA~2\KPIT\GNURL7~1.01-\rl78-ELF/rl78-elf/optlibinc" -g2 -g -mmul=g13 -c -x c -o "src/vector_table.o" "../src/vector_table.c"

'Finished scanning and building: ../src/vector_table.c'




Compiling Header independent files
Compiling optimized Stdio library
Compiling optimized Stdlib library
Compiling optimized String library

'Finished building:'

'Invoking: Linker'
'Building target:'
rl78-elf-ld -o "Prac3.x" -T"E:\Google Drive\Second Year Engineering\E en E\Computer systems semseter 2\Prakties\2015\Code\Prac3\HardwareDebug\Prac3_HardwareDebug_auto.gsi" -T"E:\Google Drive\Second Year Engineering\E en E\Computer systems semseter 2\Prakties\2015\Code\Prac3\HardwareDebug\LinkerSubCommand.tmp"    libPrac3.a  -M=Prac3.map -e_PowerON_Reset -L"E:\Google Drive\Second Year Engineering\E en E\Computer systems semseter 2\Prakties\2015\Code\Prac3\HardwareDebug" -L"C:\PROGRA~2\KPIT\GNURL7~1.01-\rl78-ELF/lib/gcc/rl78-elf/4.8-GNURL78_v14.01" --start-group -lPrac3 -lgcc --end-group
'Finished building:'

'Invoking: Objcopy'
rl78-elf-objcopy -O srec   Prac3.x "Prac3.mot"
'Finished building target:'

'Build complete.'

20:31:13 Build Finished (took 9s.591ms)

